<html>
<head>
<title>TestNG:  C:/Users/Koray/IdeaProjects/TestNGProjectLastVersion1/src/test/java/Tests/US18_US19_US20</title>
<link href="../testng.css" rel="stylesheet" type="text/css" />
<link href="../my-testng.css" rel="stylesheet" type="text/css" />

<style type="text/css">
.log { display: none;} 
.stack-trace { display: none;} 
</style>
<script type="text/javascript">
<!--
function flip(e) {
  current = e.style.display;
  if (current == 'block') {
    e.style.display = 'none';
    return 0;
  }
  else {
    e.style.display = 'block';
    return 1;
  }
}

function toggleBox(szDivId, elem, msg1, msg2)
{
  var res = -1;  if (document.getElementById) {
    res = flip(document.getElementById(szDivId));
  }
  else if (document.all) {
    // this is the way old msie versions work
    res = flip(document.all[szDivId]);
  }
  if(elem) {
    if(res == 0) elem.innerHTML = msg1; else elem.innerHTML = msg2;
  }

}

function toggleAllBoxes() {
  if (document.getElementsByTagName) {
    d = document.getElementsByTagName('div');
    for (i = 0; i < d.length; i++) {
      if (d[i].className == 'log') {
        flip(d[i]);
      }
    }
  }
}

// -->
</script>

</head>
<body>
<h2 align='center'>C:/Users/Koray/IdeaProjects/TestNGProjectLastVersion1/src/test/java/Tests/US18_US19_US20</h2><table border='1' align="center">
<tr>
<td>Tests passed/Failed/Skipped:</td><td>17/1/1</td>
</tr><tr>
<td>Started on:</td><td>Wed Mar 01 13:21:14 AST 2023</td>
</tr>
<tr><td>Total time:</td><td>342 seconds (342897 ms)</td>
</tr><tr>
<td>Included groups:</td><td></td>
</tr><tr>
<td>Excluded groups:</td><td></td>
</tr>
</table><p/>
<small><i>(Hover the method name to see the test class name)</i></small><p/>
<table width='100%' border='1' class='invocation-failed'>
<tr><td colspan='4' align='center'><b>FAILED TESTS</b></td></tr>
<tr><td><b>Test method</b></td>
<td width="30%"><b>Exception</b></td>
<td width="10%"><b>Time (seconds)</b></td>
<td><b>Instance</b></td>
</tr>
<tr>
<td title='Tests.US18_US19_US20.US19Tests.TC07()'><b>TC07</b><br>Test class: Tests.US18_US19_US20.US19Tests<br/>
<a href="#Output-235521954" onClick='toggleBox("Output-235521954", this, "Show output", "Hide output");'>Show output</a>

<a href="#Output-235521954" onClick="toggleAllBoxes();">Show all outputs</a>
<div class='log' id="Output-235521954">
===TC07 My Account -Orders yapılan alışverişin ayrıntıları görülebilmeli===<br/>
</div>
</td>
<td><div><pre>org.openqa.selenium.NoSuchElementException: no such element: Unable to locate element: {&quot;method&quot;:&quot;xpath&quot;,&quot;selector&quot;:&quot;(//a[@href=&apos;https://hubcomfy.com/my-account-2/view-order/22458/&apos;])[2]&quot;}
  (Session info: chrome=109.0.5414.120)
For documentation on this error, please visit: https://selenium.dev/exceptions/#no_such_element
Build info: version: &apos;4.7.2&apos;, revision: &apos;4d4020c3b7&apos;
System info: os.name: &apos;Windows 7&apos;, os.arch: &apos;amd64&apos;, os.version: &apos;6.1&apos;, java.version: &apos;11.0.16&apos;
Driver info: org.openqa.selenium.chrome.ChromeDriver
Command: [4c329430e72ddba6e510f6ce8b58df92, findElement {using=xpath, value=(//a[@href=&apos;https://hubcomfy.com/my-account-2/view-order/22458/&apos;])[2]}]
Capabilities {acceptInsecureCerts: false, browserName: chrome, browserVersion: 109.0.5414.120, chrome: {chromedriverVersion: 109.0.5414.74 (e7c5703604da..., userDataDir: C:\Users\Koray\AppData\Loca...}, goog:chromeOptions: {debuggerAddress: localhost:60553}, networkConnectionEnabled: false, pageLoadStrategy: normal, platformName: WINDOWS, proxy: Proxy(), se:cdp: ws://localhost:60553/devtoo..., se:cdpVersion: 109.0.5414.120, setWindowRect: true, strictFileInteractability: false, timeouts: {implicit: 0, pageLoad: 300000, script: 30000}, unhandledPromptBehavior: dismiss and notify, webauthn:extension:credBlob: true, webauthn:extension:largeBlob: true, webauthn:virtualAuthenticators: true}
Session ID: 4c329430e72ddba6e510f6ce8b58df92
	at java.base/jdk.internal.reflect.NativeConstructorAccessorImpl.newInstance0(Native Method)
	at java.base/jdk.internal.reflect.NativeConstructorAccessorImpl.newInstance(NativeConstructorAccessorImpl.java:62)
	at java.base/jdk.internal.reflect.DelegatingConstructorAccessorImpl.newInstance(DelegatingConstructorAccessorImpl.java:45)
	at java.base/java.lang.reflect.Constructor.newInstance(Constructor.java:490)
	at org.openqa.selenium.remote.codec.w3c.W3CHttpResponseCodec.createException(W3CHttpResponseCodec.java:200)
	at org.openqa.selenium.remote.codec.w3c.W3CHttpResponseCodec.decode(W3CHttpResponseCodec.java:133)
	at org.openqa.selenium.remote.codec.w3c.W3CHttpResponseCodec.decode(W3CHttpResponseCodec.java:53)
	at org.openqa.selenium.remote.HttpCommandExecutor.execute(HttpCommandExecutor.java:184)
	at org.openqa.selenium.remote.service.DriverCommandExecutor.invokeExecute(DriverCommandExecutor.java:167)
	at org.openqa.selenium.remote.service.DriverCommandExecutor.execute(DriverCommandExecutor.java:142)
	at org.openqa.selenium.remote.RemoteWebDriver.execute(RemoteWebDriver.java:535)
	at org.openqa.selenium.remote.ElementLocation$ElementFinder$2.findElement(ElementLocation.java:162)
	at org.openqa.selenium.remote.ElementLocation.findElement(ElementLocation.java:60)
	at org.openqa.selenium.remote.RemoteWebDriver.findElement(RemoteWebDriver.java:351)
	at org.openqa.selenium.remote.RemoteWebDriver.findElement(RemoteWebDriver.java:343)
	at org.openqa.selenium.support.pagefactory.DefaultElementLocator.findElement(DefaultElementLocator.java:70)
	at org.openqa.selenium.support.pagefactory.internal.LocatingElementHandler.invoke(LocatingElementHandler.java:39)
	at com.sun.proxy.$Proxy14.getWrappedElement(Unknown Source)
	at org.openqa.selenium.remote.internal.WebElementToJsonConverter.apply(WebElementToJsonConverter.java:51)
	at java.base/java.util.stream.ReferencePipeline$3$1.accept(ReferencePipeline.java:195)
	at java.base/java.util.Spliterators$ArraySpliterator.forEachRemaining(Spliterators.java:948)
	at java.base/java.util.stream.AbstractPipeline.copyInto(AbstractPipeline.java:484)
	at java.base/java.util.stream.AbstractPipeline.wrapAndCopyInto(AbstractPipeline.java:474)
	at java.base/java.util.stream.ReduceOps$ReduceOp.evaluateSequential(ReduceOps.java:913)
	at java.base/java.util.stream.AbstractPipeline.evaluate(AbstractPipeline.java:234)
	at java.base/java.util.stream.ReferencePipeline.collect(ReferencePipeline.java:578)
	at org.openqa.selenium.remote.RemoteWebDriver.executeScript(RemoteWebDriver.java:469)
	at Utilities.ReusableMethods.clickJS(ReusableMethods.java:328)
	at Tests.US18_US19_US20.US19Tests.TC07(US19Tests.java:103)
	at java.base/jdk.internal.reflect.NativeMethodAccessorImpl.invoke0(Native Method)
	at java.base/jdk.internal.reflect.NativeMethodAccessorImpl.invoke(NativeMethodAccessorImpl.java:62)
	at java.base/jdk.internal.reflect.DelegatingMethodAccessorImpl.invoke(DelegatingMethodAccessorImpl.java:43)
	at java.base/java.lang.reflect.Method.invoke(Method.java:566)
	at org.testng.internal.invokers.MethodInvocationHelper.invokeMethod(MethodInvocationHelper.java:135)
	at org.testng.internal.invokers.TestInvoker.invokeMethod(TestInvoker.java:673)
	at org.testng.internal.invokers.TestInvoker.retryFailed(TestInvoker.java:262)
	at org.testng.internal.invokers.MethodRunner.runInSequence(MethodRunner.java:62)
	at org.testng.internal.invokers.TestInvoker$MethodInvocationAgent.invoke(TestInvoker.java:945)
	at org.testng.internal.invokers.TestInvoker.invokeTestMethods(TestInvoker.java:193)
	at org.testng.internal.invokers.TestMethodWorker.invokeTestMethods(TestMethodWorker.java:146)
	at org.testng.internal.invokers.TestMethodWorker.run(TestMethodWorker.java:128)
	at java.base/java.util.ArrayList.forEach(ArrayList.java:1541)
	at org.testng.TestRunner.privateRun(TestRunner.java:808)
	at org.testng.TestRunner.run(TestRunner.java:603)
	at org.testng.SuiteRunner.runTest(SuiteRunner.java:429)
	at org.testng.SuiteRunner.runSequentially(SuiteRunner.java:423)
	at org.testng.SuiteRunner.privateRun(SuiteRunner.java:383)
	at org.testng.SuiteRunner.run(SuiteRunner.java:326)
	at org.testng.SuiteRunnerWorker.runSuite(SuiteRunnerWorker.java:52)
	at org.testng.SuiteRunnerWorker.run(SuiteRunnerWorker.java:95)
	at org.testng.TestNG.runSuitesSequentially(TestNG.java:1249)
	at org.testng.TestNG.runSuitesLocally(TestNG.java:1169)
	at org.testng.TestNG.runSuites(TestNG.java:1092)
	at org.testng.TestNG.run(TestNG.java:1060)
	at com.intellij.rt.testng.IDEARemoteTestNG.run(IDEARemoteTestNG.java:66)
	at com.intellij.rt.testng.RemoteTestNGStarter.main(RemoteTestNGStarter.java:109)
</pre></div><a href='#' onClick='toggleBox("stack-trace235521954", this, "Click to show all stack frames", "Click to hide stack frames")'>Click to show all stack frames</a>
<div class='stack-trace' id='stack-trace235521954'><pre>org.openqa.selenium.NoSuchElementException: no such element: Unable to locate element: {&quot;method&quot;:&quot;xpath&quot;,&quot;selector&quot;:&quot;(//a[@href=&apos;https://hubcomfy.com/my-account-2/view-order/22458/&apos;])[2]&quot;}
  (Session info: chrome=109.0.5414.120)
For documentation on this error, please visit: https://selenium.dev/exceptions/#no_such_element
Build info: version: &apos;4.7.2&apos;, revision: &apos;4d4020c3b7&apos;
System info: os.name: &apos;Windows 7&apos;, os.arch: &apos;amd64&apos;, os.version: &apos;6.1&apos;, java.version: &apos;11.0.16&apos;
Driver info: org.openqa.selenium.chrome.ChromeDriver
Command: [4c329430e72ddba6e510f6ce8b58df92, findElement {using=xpath, value=(//a[@href=&apos;https://hubcomfy.com/my-account-2/view-order/22458/&apos;])[2]}]
Capabilities {acceptInsecureCerts: false, browserName: chrome, browserVersion: 109.0.5414.120, chrome: {chromedriverVersion: 109.0.5414.74 (e7c5703604da..., userDataDir: C:\Users\Koray\AppData\Loca...}, goog:chromeOptions: {debuggerAddress: localhost:60553}, networkConnectionEnabled: false, pageLoadStrategy: normal, platformName: WINDOWS, proxy: Proxy(), se:cdp: ws://localhost:60553/devtoo..., se:cdpVersion: 109.0.5414.120, setWindowRect: true, strictFileInteractability: false, timeouts: {implicit: 0, pageLoad: 300000, script: 30000}, unhandledPromptBehavior: dismiss and notify, webauthn:extension:credBlob: true, webauthn:extension:largeBlob: true, webauthn:virtualAuthenticators: true}
Session ID: 4c329430e72ddba6e510f6ce8b58df92
	at java.base/jdk.internal.reflect.NativeConstructorAccessorImpl.newInstance0(Native Method)
	at java.base/jdk.internal.reflect.NativeConstructorAccessorImpl.newInstance(NativeConstructorAccessorImpl.java:62)
	at java.base/jdk.internal.reflect.DelegatingConstructorAccessorImpl.newInstance(DelegatingConstructorAccessorImpl.java:45)
	at java.base/java.lang.reflect.Constructor.newInstance(Constructor.java:490)
	at org.openqa.selenium.remote.codec.w3c.W3CHttpResponseCodec.createException(W3CHttpResponseCodec.java:200)
	at org.openqa.selenium.remote.codec.w3c.W3CHttpResponseCodec.decode(W3CHttpResponseCodec.java:133)
	at org.openqa.selenium.remote.codec.w3c.W3CHttpResponseCodec.decode(W3CHttpResponseCodec.java:53)
	at org.openqa.selenium.remote.HttpCommandExecutor.execute(HttpCommandExecutor.java:184)
	at org.openqa.selenium.remote.service.DriverCommandExecutor.invokeExecute(DriverCommandExecutor.java:167)
	at org.openqa.selenium.remote.service.DriverCommandExecutor.execute(DriverCommandExecutor.java:142)
	at org.openqa.selenium.remote.RemoteWebDriver.execute(RemoteWebDriver.java:535)
	at org.openqa.selenium.remote.ElementLocation$ElementFinder$2.findElement(ElementLocation.java:162)
	at org.openqa.selenium.remote.ElementLocation.findElement(ElementLocation.java:60)
	at org.openqa.selenium.remote.RemoteWebDriver.findElement(RemoteWebDriver.java:351)
	at org.openqa.selenium.remote.RemoteWebDriver.findElement(RemoteWebDriver.java:343)
	at org.openqa.selenium.support.pagefactory.DefaultElementLocator.findElement(DefaultElementLocator.java:70)
	at org.openqa.selenium.support.pagefactory.internal.LocatingElementHandler.invoke(LocatingElementHandler.java:39)
	at com.sun.proxy.$Proxy14.getWrappedElement(Unknown Source)
	at org.openqa.selenium.remote.internal.WebElementToJsonConverter.apply(WebElementToJsonConverter.java:51)
	at java.base/java.util.stream.ReferencePipeline$3$1.accept(ReferencePipeline.java:195)
	at java.base/java.util.Spliterators$ArraySpliterator.forEachRemaining(Spliterators.java:948)
	at java.base/java.util.stream.AbstractPipeline.copyInto(AbstractPipeline.java:484)
	at java.base/java.util.stream.AbstractPipeline.wrapAndCopyInto(AbstractPipeline.java:474)
	at java.base/java.util.stream.ReduceOps$ReduceOp.evaluateSequential(ReduceOps.java:913)
	at java.base/java.util.stream.AbstractPipeline.evaluate(AbstractPipeline.java:234)
	at java.base/java.util.stream.ReferencePipeline.collect(ReferencePipeline.java:578)
	at org.openqa.selenium.remote.RemoteWebDriver.executeScript(RemoteWebDriver.java:469)
	at Utilities.ReusableMethods.clickJS(ReusableMethods.java:328)
	at Tests.US18_US19_US20.US19Tests.TC07(US19Tests.java:103)
	at java.base/jdk.internal.reflect.NativeMethodAccessorImpl.invoke0(Native Method)
	at java.base/jdk.internal.reflect.NativeMethodAccessorImpl.invoke(NativeMethodAccessorImpl.java:62)
	at java.base/jdk.internal.reflect.DelegatingMethodAccessorImpl.invoke(DelegatingMethodAccessorImpl.java:43)
	at java.base/java.lang.reflect.Method.invoke(Method.java:566)
	at org.testng.internal.invokers.MethodInvocationHelper.invokeMethod(MethodInvocationHelper.java:135)
	at org.testng.internal.invokers.TestInvoker.invokeMethod(TestInvoker.java:673)
	at org.testng.internal.invokers.TestInvoker.retryFailed(TestInvoker.java:262)
	at org.testng.internal.invokers.MethodRunner.runInSequence(MethodRunner.java:62)
	at org.testng.internal.invokers.TestInvoker$MethodInvocationAgent.invoke(TestInvoker.java:945)
	at org.testng.internal.invokers.TestInvoker.invokeTestMethods(TestInvoker.java:193)
	at org.testng.internal.invokers.TestMethodWorker.invokeTestMethods(TestMethodWorker.java:146)
	at org.testng.internal.invokers.TestMethodWorker.run(TestMethodWorker.java:128)
	at java.base/java.util.ArrayList.forEach(ArrayList.java:1541)
	at org.testng.TestRunner.privateRun(TestRunner.java:808)
	at org.testng.TestRunner.run(TestRunner.java:603)
	at org.testng.SuiteRunner.runTest(SuiteRunner.java:429)
	at org.testng.SuiteRunner.runSequentially(SuiteRunner.java:423)
	at org.testng.SuiteRunner.privateRun(SuiteRunner.java:383)
	at org.testng.SuiteRunner.run(SuiteRunner.java:326)
	at org.testng.SuiteRunnerWorker.runSuite(SuiteRunnerWorker.java:52)
	at org.testng.SuiteRunnerWorker.run(SuiteRunnerWorker.java:95)
	at org.testng.TestNG.runSuitesSequentially(TestNG.java:1249)
	at org.testng.TestNG.runSuitesLocally(TestNG.java:1169)
	at org.testng.TestNG.runSuites(TestNG.java:1092)
	at org.testng.TestNG.run(TestNG.java:1060)
	at com.intellij.rt.testng.IDEARemoteTestNG.run(IDEARemoteTestNG.java:66)
	at com.intellij.rt.testng.RemoteTestNGStarter.main(RemoteTestNGStarter.java:109)
</pre></div></td>
<td>21</td>
<td>Tests.US18_US19_US20.US19Tests@4f67eb2a</td></tr>
</table><p>
<table width='100%' border='1' class='invocation-passed'>
<tr><td colspan='4' align='center'><b>PASSED TESTS</b></td></tr>
<tr><td><b>Test method</b></td>
<td width="30%"><b>Exception</b></td>
<td width="10%"><b>Time (seconds)</b></td>
<td><b>Instance</b></td>
</tr>
<tr>
<td title='Tests.US18_US19_US20.US18Tests.TC02()'><b>TC02</b><br>Test class: Tests.US18_US19_US20.US18Tests<br/>
<a href="#Output-1850477964" onClick='toggleBox("Output-1850477964", this, "Show output", "Hide output");'>Show output</a>

<a href="#Output-1850477964" onClick="toggleAllBoxes();">Show all outputs</a>
<div class='log' id="Output-1850477964">
===========TC02 URL, Button Text, Price, Sale Price yazılabilmeli===========<br/>
URL KUTUSUNA DEGER GIRILDI<br/>
BUTTON TEXT KUTUSUNUA DEGER GIRILDI<br/>
PRICE KUTUSUNA DEGER GIRILDI<br/>
SALE PRICE KUTUSUNA DEGER GIRILDI<br/>
</div>
</td>
<td></td>
<td>1</td>
<td>Tests.US18_US19_US20.US18Tests@55f616cf</td></tr>
<tr>
<td title='Tests.US18_US19_US20.US20Tests.TC06()'><b>TC06</b><br>Test class: Tests.US18_US19_US20.US20Tests<br/>
<a href="#Output-1065031099" onClick='toggleBox("Output-1065031099", this, "Show output", "Hide output");'>Show output</a>

<a href="#Output-1065031099" onClick="toggleAllBoxes();">Show all outputs</a>
<div class='log' id="Output-1065031099">
===========TC06 Allow free shipping, Show on store seçilebilmeli===========<br/>
ALLOW FREE SHIPPING SECILDIGI DOGRULANDI<br/>
SHOW ON STORE SECILDIGI DOGRULANDI<br/>
</div>
</td>
<td></td>
<td>0</td>
<td>Tests.US18_US19_US20.US20Tests@4a668b6e</td></tr>
<tr>
<td title='Tests.US18_US19_US20.US19Tests.TC05()'><b>TC05</b><br>Test class: Tests.US18_US19_US20.US19Tests<br/>
<a href="#Output-1509270390" onClick='toggleBox("Output-1509270390", this, "Show output", "Hide output");'>Show output</a>

<a href="#Output-1509270390" onClick="toggleAllBoxes();">Show all outputs</a>
<div class='log' id="Output-1509270390">
===TC05 Wire transfer/EFT veya Pay at the door seçenekleri seçilebilmeli===<br/>
WIRE TRANSFER VE PAY AT DOOR SECENEKLERI SECILDI<br/>
</div>
</td>
<td></td>
<td>0</td>
<td>Tests.US18_US19_US20.US19Tests@4f67eb2a</td></tr>
<tr>
<td title='Tests.US18_US19_US20.US20Tests.TC05()'><b>TC05</b><br>Test class: Tests.US18_US19_US20.US20Tests<br/>
<a href="#Output-968689662" onClick='toggleBox("Output-968689662", this, "Show output", "Hide output");'>Show output</a>

<a href="#Output-968689662" onClick="toggleAllBoxes();">Show all outputs</a>
<div class='log' id="Output-968689662">
===========TC05 Coupon expiry date girilebilmeli===========<br/>
EXPIRY DATE GIRILDIGI DOGRULANDI<br/>
</div>
</td>
<td></td>
<td>0</td>
<td>Tests.US18_US19_US20.US20Tests@4a668b6e</td></tr>
<tr>
<td title='Tests.US18_US19_US20.US18Tests.TC03()'><b>TC03</b><br>Test class: Tests.US18_US19_US20.US18Tests<br/>
<a href="#Output-2114701475" onClick='toggleBox("Output-2114701475", this, "Show output", "Hide output");'>Show output</a>

<a href="#Output-2114701475" onClick="toggleAllBoxes();">Show all outputs</a>
<div class='log' id="Output-2114701475">
===========TC03 US14  deki işlemler yapılabilmeli==========<br/>
XXXFAILED FEATURED IMAGE KISMINA PHOTO YUKLENEMEDI XXX<br/>
PRODUCT TITLE EKLENDI<br/>
SHORT DESCRIPTION KUTUSUNA DEGER GIRILDI<br/>
DESCRIPTION KUTUSUNA DEGER GIRILDI<br/>
CATEGORIES KUTUSUNDA SECIM YAPILDI <br/>
ADD NEW CATEGORY E YENI CATEGORY EKLENDI<br/>
BRAND NAME KUTUSNUDA SECIM YAPILDI<br/>
ADD NEW BRAND E YENI BRAND EKLENDI<br/>
TAGS KUTUSUNA TAGLAR GIRILDI<br/>
CATALOG VISIBILITY DEN SHOP ONLY SECENEGI SECILDI<br/>
</div>
</td>
<td></td>
<td>40</td>
<td>Tests.US18_US19_US20.US18Tests@55f616cf</td></tr>
<tr>
<td title='Tests.US18_US19_US20.US19Tests.TC06()'><b>TC06</b><br>Test class: Tests.US18_US19_US20.US19Tests<br/>
<a href="#Output-272243411" onClick='toggleBox("Output-272243411", this, "Show output", "Hide output");'>Show output</a>

<a href="#Output-272243411" onClick="toggleAllBoxes();">Show all outputs</a>
<div class='log' id="Output-272243411">
===TC06 Place Order'a tıklanarak alışverişin tamamlandığı görülebilmeli===<br/>
PLACE ORDER A BASILDI VE SIPARISIN ALINDIGI ONAYLANDI<br/>
</div>
</td>
<td></td>
<td>7</td>
<td>Tests.US18_US19_US20.US19Tests@4f67eb2a</td></tr>
<tr>
<td title='Tests.US18_US19_US20.US20Tests.TC04()'><b>TC04</b><br>Test class: Tests.US18_US19_US20.US20Tests<br/>
<a href="#Output-1298316171" onClick='toggleBox("Output-1298316171", this, "Show output", "Hide output");'>Show output</a>

<a href="#Output-1298316171" onClick="toggleAllBoxes();">Show all outputs</a>
<div class='log' id="Output-1298316171">
===========TC04 Coupon Amount yazılabilmeli===========<br/>
COUPON AMOUNT GIRILDIGI DOGRULANDI<br/>
</div>
</td>
<td></td>
<td>0</td>
<td>Tests.US18_US19_US20.US20Tests@4a668b6e</td></tr>
<tr>
<td title='Tests.US18_US19_US20.US20Tests.TC07()'><b>TC07</b><br>Test class: Tests.US18_US19_US20.US20Tests<br/>
<a href="#Output-1253140795" onClick='toggleBox("Output-1253140795", this, "Show output", "Hide output");'>Show output</a>

<a href="#Output-1253140795" onClick="toggleAllBoxes();">Show all outputs</a>
<div class='log' id="Output-1253140795">
===========TC07 Coupons oluşturulduğu görülmeli===========<br/>
</div>
</td>
<td></td>
<td>5</td>
<td>Tests.US18_US19_US20.US20Tests@4a668b6e</td></tr>
<tr>
<td title='Tests.US18_US19_US20.US19Tests.TC01()'><b>TC01</b><br>Test class: Tests.US18_US19_US20.US19Tests<br/>
<a href="#Output-1121577170" onClick='toggleBox("Output-1121577170", this, "Show output", "Hide output");'>Show output</a>

<a href="#Output-1121577170" onClick="toggleAllBoxes();">Show all outputs</a>
<div class='log' id="Output-1121577170">
==================================US19==============================<br/>
===========TC01 Ürün ve ürünler seçilip sepete eklenebilmeli===========<br/>
VENDOR OLARAK GIRIS YAPILDI<br/>
SECILEN URUN SEPETE EKLENDI<br/>
</div>
</td>
<td></td>
<td>57</td>
<td>Tests.US18_US19_US20.US19Tests@4f67eb2a</td></tr>
<tr>
<td title='Tests.US18_US19_US20.US18Tests.TC01()'><b>TC01</b><br>Test class: Tests.US18_US19_US20.US18Tests<br/>
<a href="#Output-195984832" onClick='toggleBox("Output-195984832", this, "Show output", "Hide output");'>Show output</a>

<a href="#Output-195984832" onClick="toggleAllBoxes();">Show all outputs</a>
<div class='log' id="Output-195984832">
==================================US18==============================<br/>
===========TC01 External - Affiliate Product seçilebilmeli===========<br/>
VENDOR OLARAK GIRIS YAPILDI<br/>
ADD NEW PRODUCT SAYFASI ACILDI<br/>
EXTERNAL/AFFILIATE PRODUCT SECILDI<br/>
</div>
</td>
<td></td>
<td>64</td>
<td>Tests.US18_US19_US20.US18Tests@55f616cf</td></tr>
<tr>
<td title='Tests.US18_US19_US20.US20Tests.TC01()'><b>TC01</b><br>Test class: Tests.US18_US19_US20.US20Tests<br/>
<a href="#Output-1490885900" onClick='toggleBox("Output-1490885900", this, "Show output", "Hide output");'>Show output</a>

<a href="#Output-1490885900" onClick="toggleAllBoxes();">Show all outputs</a>
<div class='log' id="Output-1490885900">
==================================US20==============================<br/>
===========TC01 Code yazabilmeliyim===========<br/>
VENDOR OLARAK GIRIS YAPILDI<br/>
ADD NEW COUPON SAYFASINA GELINDI<br/>
CODE YAZILDIGI DOGRULANDI<br/>
</div>
</td>
<td></td>
<td>54</td>
<td>Tests.US18_US19_US20.US20Tests@4a668b6e</td></tr>
<tr>
<td title='Tests.US18_US19_US20.US20Tests.TC02()'><b>TC02</b><br>Test class: Tests.US18_US19_US20.US20Tests<br/>
<a href="#Output-418957165" onClick='toggleBox("Output-418957165", this, "Show output", "Hide output");'>Show output</a>

<a href="#Output-418957165" onClick="toggleAllBoxes();">Show all outputs</a>
<div class='log' id="Output-418957165">
===========TC02 Description yazılabilmeli===========<br/>
DESCRIPTION YAZILDIGI DOGRULANDI<br/>
</div>
</td>
<td></td>
<td>0</td>
<td>Tests.US18_US19_US20.US20Tests@4a668b6e</td></tr>
<tr>
<td title='Tests.US18_US19_US20.US20Tests.TC03()'><b>TC03</b><br>Test class: Tests.US18_US19_US20.US20Tests<br/>
<a href="#Output-913896238" onClick='toggleBox("Output-913896238", this, "Show output", "Hide output");'>Show output</a>

<a href="#Output-913896238" onClick="toggleAllBoxes();">Show all outputs</a>
<div class='log' id="Output-913896238">
===========TC03 Discount Type; Percentage discount veya Fixed Product Discount olarak seçilebilmeli===========<br/>
COUPON TYPE SECILDIGI DOGRULANDI<br/>
</div>
</td>
<td></td>
<td>0</td>
<td>Tests.US18_US19_US20.US20Tests@4a668b6e</td></tr>
<tr>
<td title='Tests.US18_US19_US20.US19Tests.TC03()'><b>TC03</b><br>Test class: Tests.US18_US19_US20.US19Tests<br/>
<a href="#Output-1663189493" onClick='toggleBox("Output-1663189493", this, "Show output", "Hide output");'>Show output</a>

<a href="#Output-1663189493" onClick="toggleAllBoxes();">Show all outputs</a>
<div class='log' id="Output-1663189493">
===========TC03 Fatura ayrıntıları (BILLING DETAILS) doldurulabilmeli===========<br/>
FATURA AYRINTILARI (BILLING DETAILS) DOLDURULDU<br/>
</div>
</td>
<td></td>
<td>13</td>
<td>Tests.US18_US19_US20.US19Tests@4f67eb2a</td></tr>
<tr>
<td title='Tests.US18_US19_US20.US19Tests.TC02()'><b>TC02</b><br>Test class: Tests.US18_US19_US20.US19Tests<br/>
<a href="#Output-724190002" onClick='toggleBox("Output-724190002", this, "Show output", "Hide output");'>Show output</a>

<a href="#Output-724190002" onClick="toggleAllBoxes();">Show all outputs</a>
<div class='log' id="Output-724190002">
===========TC02 Chart - Chekout yapılarak alınacak ürün ve ürünler görülebilmel===========<br/>
ALINACAK URUNLER GORUNTULENDI<br/>
</div>
</td>
<td></td>
<td>3</td>
<td>Tests.US18_US19_US20.US19Tests@4f67eb2a</td></tr>
<tr>
<td title='Tests.US18_US19_US20.US18Tests.TC04()'><b>TC04</b><br>Test class: Tests.US18_US19_US20.US18Tests<br/>
<a href="#Output-1158611509" onClick='toggleBox("Output-1158611509", this, "Show output", "Hide output");'>Show output</a>

<a href="#Output-1158611509" onClick="toggleAllBoxes();">Show all outputs</a>
<div class='log' id="Output-1158611509">
===========TC04 US15  deki işlemler yapılabilmeli==========<br/>
ADD PRODUCT SAYFASINDA (Inventory, Shipping, Attributes, Linked, Seo, Toptan Ürün Gösterme Ayarları, Advanced)MENULERI GORULUYOR<br/>
xxxxFAILED INVENTORY DE YERALAN BACKORDERS, SOLD IND VE STOCK QTY  GOZUKMUYORxxxx<br/>
INVENTORY GIRISLERI YAPILDI<br/>
xxxxFAILED SHIPPING BOLUMU GOZUKMUYORxxxx<br/>
ATTRIBUTES GIRISLERI YAPILDI<br/>
lINKED GIRISLERI YAPILDI<br/>
SEO GIRISLERI YAPILDI<br/>
TOPTAN URUN GOSTERME AYARLARI GIRILDI<br/>
XXXFAILXXXX PURCHASE NOTE KISMI GOZUKMUYOR<br/>
ADVANCED DEGERLERI GIRILDI<br/>
</div>
</td>
<td></td>
<td>48</td>
<td>Tests.US18_US19_US20.US18Tests@55f616cf</td></tr>
<tr>
<td title='Tests.US18_US19_US20.US19Tests.TC04()'><b>TC04</b><br>Test class: Tests.US18_US19_US20.US19Tests<br/>
<a href="#Output-1655880750" onClick='toggleBox("Output-1655880750", this, "Show output", "Hide output");'>Show output</a>

<a href="#Output-1655880750" onClick="toggleAllBoxes();">Show all outputs</a>
<div class='log' id="Output-1655880750">
===========TC04 Toplam ödenecek rakam görüntülebilmeli===========<br/>
TOPLAM ODENECEK RAKAM GORUNTULENDI<br/>
</div>
</td>
<td></td>
<td>0</td>
<td>Tests.US18_US19_US20.US19Tests@4f67eb2a</td></tr>
</table><p>
<table width='100%' border='1' class='invocation-skipped'>
<tr><td colspan='4' align='center'><b>SKIPPED TESTS</b></td></tr>
<tr><td><b>Test method</b></td>
<td width="30%"><b>Exception</b></td>
<td width="10%"><b>Time (seconds)</b></td>
<td><b>Instance</b></td>
</tr>
<tr>
<td title='Tests.US18_US19_US20.US19Tests.TC07()'><b>TC07</b><br>Test class: Tests.US18_US19_US20.US19Tests<br/>
<a href="#Output-1602314131" onClick='toggleBox("Output-1602314131", this, "Show output", "Hide output");'>Show output</a>

<a href="#Output-1602314131" onClick="toggleAllBoxes();">Show all outputs</a>
<div class='log' id="Output-1602314131">
===TC07 My Account -Orders yapılan alışverişin ayrıntıları görülebilmeli===<br/>
</div>
</td>
<td><div><pre>org.openqa.selenium.NoSuchElementException: no such element: Unable to locate element: {&quot;method&quot;:&quot;xpath&quot;,&quot;selector&quot;:&quot;(//a[@href=&apos;https://hubcomfy.com/my-account-2/view-order/22458/&apos;])[2]&quot;}
  (Session info: chrome=109.0.5414.120)
For documentation on this error, please visit: https://selenium.dev/exceptions/#no_such_element
Build info: version: &apos;4.7.2&apos;, revision: &apos;4d4020c3b7&apos;
System info: os.name: &apos;Windows 7&apos;, os.arch: &apos;amd64&apos;, os.version: &apos;6.1&apos;, java.version: &apos;11.0.16&apos;
Driver info: org.openqa.selenium.chrome.ChromeDriver
Command: [4c329430e72ddba6e510f6ce8b58df92, findElement {using=xpath, value=(//a[@href=&apos;https://hubcomfy.com/my-account-2/view-order/22458/&apos;])[2]}]
Capabilities {acceptInsecureCerts: false, browserName: chrome, browserVersion: 109.0.5414.120, chrome: {chromedriverVersion: 109.0.5414.74 (e7c5703604da..., userDataDir: C:\Users\Koray\AppData\Loca...}, goog:chromeOptions: {debuggerAddress: localhost:60553}, networkConnectionEnabled: false, pageLoadStrategy: normal, platformName: WINDOWS, proxy: Proxy(), se:cdp: ws://localhost:60553/devtoo..., se:cdpVersion: 109.0.5414.120, setWindowRect: true, strictFileInteractability: false, timeouts: {implicit: 0, pageLoad: 300000, script: 30000}, unhandledPromptBehavior: dismiss and notify, webauthn:extension:credBlob: true, webauthn:extension:largeBlob: true, webauthn:virtualAuthenticators: true}
Session ID: 4c329430e72ddba6e510f6ce8b58df92
	at java.base/jdk.internal.reflect.NativeConstructorAccessorImpl.newInstance0(Native Method)
	at java.base/jdk.internal.reflect.NativeConstructorAccessorImpl.newInstance(NativeConstructorAccessorImpl.java:62)
	at java.base/jdk.internal.reflect.DelegatingConstructorAccessorImpl.newInstance(DelegatingConstructorAccessorImpl.java:45)
	at java.base/java.lang.reflect.Constructor.newInstance(Constructor.java:490)
	at org.openqa.selenium.remote.codec.w3c.W3CHttpResponseCodec.createException(W3CHttpResponseCodec.java:200)
	at org.openqa.selenium.remote.codec.w3c.W3CHttpResponseCodec.decode(W3CHttpResponseCodec.java:133)
	at org.openqa.selenium.remote.codec.w3c.W3CHttpResponseCodec.decode(W3CHttpResponseCodec.java:53)
	at org.openqa.selenium.remote.HttpCommandExecutor.execute(HttpCommandExecutor.java:184)
	at org.openqa.selenium.remote.service.DriverCommandExecutor.invokeExecute(DriverCommandExecutor.java:167)
	at org.openqa.selenium.remote.service.DriverCommandExecutor.execute(DriverCommandExecutor.java:142)
	at org.openqa.selenium.remote.RemoteWebDriver.execute(RemoteWebDriver.java:535)
	at org.openqa.selenium.remote.ElementLocation$ElementFinder$2.findElement(ElementLocation.java:162)
	at org.openqa.selenium.remote.ElementLocation.findElement(ElementLocation.java:60)
	at org.openqa.selenium.remote.RemoteWebDriver.findElement(RemoteWebDriver.java:351)
	at org.openqa.selenium.remote.RemoteWebDriver.findElement(RemoteWebDriver.java:343)
	at org.openqa.selenium.support.pagefactory.DefaultElementLocator.findElement(DefaultElementLocator.java:70)
	at org.openqa.selenium.support.pagefactory.internal.LocatingElementHandler.invoke(LocatingElementHandler.java:39)
	at com.sun.proxy.$Proxy14.getWrappedElement(Unknown Source)
	at org.openqa.selenium.remote.internal.WebElementToJsonConverter.apply(WebElementToJsonConverter.java:51)
	at java.base/java.util.stream.ReferencePipeline$3$1.accept(ReferencePipeline.java:195)
	at java.base/java.util.Spliterators$ArraySpliterator.forEachRemaining(Spliterators.java:948)
	at java.base/java.util.stream.AbstractPipeline.copyInto(AbstractPipeline.java:484)
	at java.base/java.util.stream.AbstractPipeline.wrapAndCopyInto(AbstractPipeline.java:474)
	at java.base/java.util.stream.ReduceOps$ReduceOp.evaluateSequential(ReduceOps.java:913)
	at java.base/java.util.stream.AbstractPipeline.evaluate(AbstractPipeline.java:234)
	at java.base/java.util.stream.ReferencePipeline.collect(ReferencePipeline.java:578)
	at org.openqa.selenium.remote.RemoteWebDriver.executeScript(RemoteWebDriver.java:469)
	at Utilities.ReusableMethods.clickJS(ReusableMethods.java:328)
	at Tests.US18_US19_US20.US19Tests.TC07(US19Tests.java:103)
	at java.base/jdk.internal.reflect.NativeMethodAccessorImpl.invoke0(Native Method)
	at java.base/jdk.internal.reflect.NativeMethodAccessorImpl.invoke(NativeMethodAccessorImpl.java:62)
	at java.base/jdk.internal.reflect.DelegatingMethodAccessorImpl.invoke(DelegatingMethodAccessorImpl.java:43)
	at java.base/java.lang.reflect.Method.invoke(Method.java:566)
	at org.testng.internal.invokers.MethodInvocationHelper.invokeMethod(MethodInvocationHelper.java:135)
	at org.testng.internal.invokers.TestInvoker.invokeMethod(TestInvoker.java:673)
	at org.testng.internal.invokers.TestInvoker.invokeTestMethod(TestInvoker.java:220)
	at org.testng.internal.invokers.MethodRunner.runInSequence(MethodRunner.java:50)
	at org.testng.internal.invokers.TestInvoker$MethodInvocationAgent.invoke(TestInvoker.java:945)
	at org.testng.internal.invokers.TestInvoker.invokeTestMethods(TestInvoker.java:193)
	at org.testng.internal.invokers.TestMethodWorker.invokeTestMethods(TestMethodWorker.java:146)
	at org.testng.internal.invokers.TestMethodWorker.run(TestMethodWorker.java:128)
	at java.base/java.util.ArrayList.forEach(ArrayList.java:1541)
	at org.testng.TestRunner.privateRun(TestRunner.java:808)
	at org.testng.TestRunner.run(TestRunner.java:603)
	at org.testng.SuiteRunner.runTest(SuiteRunner.java:429)
	at org.testng.SuiteRunner.runSequentially(SuiteRunner.java:423)
	at org.testng.SuiteRunner.privateRun(SuiteRunner.java:383)
	at org.testng.SuiteRunner.run(SuiteRunner.java:326)
	at org.testng.SuiteRunnerWorker.runSuite(SuiteRunnerWorker.java:52)
	at org.testng.SuiteRunnerWorker.run(SuiteRunnerWorker.java:95)
	at org.testng.TestNG.runSuitesSequentially(TestNG.java:1249)
	at org.testng.TestNG.runSuitesLocally(TestNG.java:1169)
	at org.testng.TestNG.runSuites(TestNG.java:1092)
	at org.testng.TestNG.run(TestNG.java:1060)
	at com.intellij.rt.testng.IDEARemoteTestNG.run(IDEARemoteTestNG.java:66)
	at com.intellij.rt.testng.RemoteTestNGStarter.main(RemoteTestNGStarter.java:109)
</pre></div><a href='#' onClick='toggleBox("stack-trace1602314131", this, "Click to show all stack frames", "Click to hide stack frames")'>Click to show all stack frames</a>
<div class='stack-trace' id='stack-trace1602314131'><pre>org.openqa.selenium.NoSuchElementException: no such element: Unable to locate element: {&quot;method&quot;:&quot;xpath&quot;,&quot;selector&quot;:&quot;(//a[@href=&apos;https://hubcomfy.com/my-account-2/view-order/22458/&apos;])[2]&quot;}
  (Session info: chrome=109.0.5414.120)
For documentation on this error, please visit: https://selenium.dev/exceptions/#no_such_element
Build info: version: &apos;4.7.2&apos;, revision: &apos;4d4020c3b7&apos;
System info: os.name: &apos;Windows 7&apos;, os.arch: &apos;amd64&apos;, os.version: &apos;6.1&apos;, java.version: &apos;11.0.16&apos;
Driver info: org.openqa.selenium.chrome.ChromeDriver
Command: [4c329430e72ddba6e510f6ce8b58df92, findElement {using=xpath, value=(//a[@href=&apos;https://hubcomfy.com/my-account-2/view-order/22458/&apos;])[2]}]
Capabilities {acceptInsecureCerts: false, browserName: chrome, browserVersion: 109.0.5414.120, chrome: {chromedriverVersion: 109.0.5414.74 (e7c5703604da..., userDataDir: C:\Users\Koray\AppData\Loca...}, goog:chromeOptions: {debuggerAddress: localhost:60553}, networkConnectionEnabled: false, pageLoadStrategy: normal, platformName: WINDOWS, proxy: Proxy(), se:cdp: ws://localhost:60553/devtoo..., se:cdpVersion: 109.0.5414.120, setWindowRect: true, strictFileInteractability: false, timeouts: {implicit: 0, pageLoad: 300000, script: 30000}, unhandledPromptBehavior: dismiss and notify, webauthn:extension:credBlob: true, webauthn:extension:largeBlob: true, webauthn:virtualAuthenticators: true}
Session ID: 4c329430e72ddba6e510f6ce8b58df92
	at java.base/jdk.internal.reflect.NativeConstructorAccessorImpl.newInstance0(Native Method)
	at java.base/jdk.internal.reflect.NativeConstructorAccessorImpl.newInstance(NativeConstructorAccessorImpl.java:62)
	at java.base/jdk.internal.reflect.DelegatingConstructorAccessorImpl.newInstance(DelegatingConstructorAccessorImpl.java:45)
	at java.base/java.lang.reflect.Constructor.newInstance(Constructor.java:490)
	at org.openqa.selenium.remote.codec.w3c.W3CHttpResponseCodec.createException(W3CHttpResponseCodec.java:200)
	at org.openqa.selenium.remote.codec.w3c.W3CHttpResponseCodec.decode(W3CHttpResponseCodec.java:133)
	at org.openqa.selenium.remote.codec.w3c.W3CHttpResponseCodec.decode(W3CHttpResponseCodec.java:53)
	at org.openqa.selenium.remote.HttpCommandExecutor.execute(HttpCommandExecutor.java:184)
	at org.openqa.selenium.remote.service.DriverCommandExecutor.invokeExecute(DriverCommandExecutor.java:167)
	at org.openqa.selenium.remote.service.DriverCommandExecutor.execute(DriverCommandExecutor.java:142)
	at org.openqa.selenium.remote.RemoteWebDriver.execute(RemoteWebDriver.java:535)
	at org.openqa.selenium.remote.ElementLocation$ElementFinder$2.findElement(ElementLocation.java:162)
	at org.openqa.selenium.remote.ElementLocation.findElement(ElementLocation.java:60)
	at org.openqa.selenium.remote.RemoteWebDriver.findElement(RemoteWebDriver.java:351)
	at org.openqa.selenium.remote.RemoteWebDriver.findElement(RemoteWebDriver.java:343)
	at org.openqa.selenium.support.pagefactory.DefaultElementLocator.findElement(DefaultElementLocator.java:70)
	at org.openqa.selenium.support.pagefactory.internal.LocatingElementHandler.invoke(LocatingElementHandler.java:39)
	at com.sun.proxy.$Proxy14.getWrappedElement(Unknown Source)
	at org.openqa.selenium.remote.internal.WebElementToJsonConverter.apply(WebElementToJsonConverter.java:51)
	at java.base/java.util.stream.ReferencePipeline$3$1.accept(ReferencePipeline.java:195)
	at java.base/java.util.Spliterators$ArraySpliterator.forEachRemaining(Spliterators.java:948)
	at java.base/java.util.stream.AbstractPipeline.copyInto(AbstractPipeline.java:484)
	at java.base/java.util.stream.AbstractPipeline.wrapAndCopyInto(AbstractPipeline.java:474)
	at java.base/java.util.stream.ReduceOps$ReduceOp.evaluateSequential(ReduceOps.java:913)
	at java.base/java.util.stream.AbstractPipeline.evaluate(AbstractPipeline.java:234)
	at java.base/java.util.stream.ReferencePipeline.collect(ReferencePipeline.java:578)
	at org.openqa.selenium.remote.RemoteWebDriver.executeScript(RemoteWebDriver.java:469)
	at Utilities.ReusableMethods.clickJS(ReusableMethods.java:328)
	at Tests.US18_US19_US20.US19Tests.TC07(US19Tests.java:103)
	at java.base/jdk.internal.reflect.NativeMethodAccessorImpl.invoke0(Native Method)
	at java.base/jdk.internal.reflect.NativeMethodAccessorImpl.invoke(NativeMethodAccessorImpl.java:62)
	at java.base/jdk.internal.reflect.DelegatingMethodAccessorImpl.invoke(DelegatingMethodAccessorImpl.java:43)
	at java.base/java.lang.reflect.Method.invoke(Method.java:566)
	at org.testng.internal.invokers.MethodInvocationHelper.invokeMethod(MethodInvocationHelper.java:135)
	at org.testng.internal.invokers.TestInvoker.invokeMethod(TestInvoker.java:673)
	at org.testng.internal.invokers.TestInvoker.invokeTestMethod(TestInvoker.java:220)
	at org.testng.internal.invokers.MethodRunner.runInSequence(MethodRunner.java:50)
	at org.testng.internal.invokers.TestInvoker$MethodInvocationAgent.invoke(TestInvoker.java:945)
	at org.testng.internal.invokers.TestInvoker.invokeTestMethods(TestInvoker.java:193)
	at org.testng.internal.invokers.TestMethodWorker.invokeTestMethods(TestMethodWorker.java:146)
	at org.testng.internal.invokers.TestMethodWorker.run(TestMethodWorker.java:128)
	at java.base/java.util.ArrayList.forEach(ArrayList.java:1541)
	at org.testng.TestRunner.privateRun(TestRunner.java:808)
	at org.testng.TestRunner.run(TestRunner.java:603)
	at org.testng.SuiteRunner.runTest(SuiteRunner.java:429)
	at org.testng.SuiteRunner.runSequentially(SuiteRunner.java:423)
	at org.testng.SuiteRunner.privateRun(SuiteRunner.java:383)
	at org.testng.SuiteRunner.run(SuiteRunner.java:326)
	at org.testng.SuiteRunnerWorker.runSuite(SuiteRunnerWorker.java:52)
	at org.testng.SuiteRunnerWorker.run(SuiteRunnerWorker.java:95)
	at org.testng.TestNG.runSuitesSequentially(TestNG.java:1249)
	at org.testng.TestNG.runSuitesLocally(TestNG.java:1169)
	at org.testng.TestNG.runSuites(TestNG.java:1092)
	at org.testng.TestNG.run(TestNG.java:1060)
	at com.intellij.rt.testng.IDEARemoteTestNG.run(IDEARemoteTestNG.java:66)
	at com.intellij.rt.testng.RemoteTestNGStarter.main(RemoteTestNGStarter.java:109)
</pre></div></td>
<td>21</td>
<td>Tests.US18_US19_US20.US19Tests@4f67eb2a</td></tr>
</table><p>
</body>
</html>