<!DOCTYPE html PUBLIC "-//W3C//DTD XHTML 1.1//EN" "https://www.w3.org/TR/xhtml11/DTD/xhtml11.dtd">
<html xmlns="https://www.w3.org/1999/xhtml">
<head>
<meta http-equiv="content-type" content="text/html; charset=UTF-8"/>
<title>TestNG Report</title>
<style type="text/css">table {margin-bottom:10px;border-collapse:collapse;empty-cells:show}th,td {border:1px solid #009;padding:.25em .5em}th {vertical-align:bottom}td {vertical-align:top}table a {font-weight:bold}.stripe td {background-color: #E6EBF9}.num {text-align:right}.passedodd td {background-color: #3F3}.passedeven td {background-color: #0A0}.skippedodd td {background-color: #DDD}.skippedeven td {background-color: #CCC}.failedodd td,.attn {background-color: #F33}.failedeven td,.stripe .attn {background-color: #D00}.stacktrace {white-space:pre;font-family:monospace}.totop {font-size:85%;text-align:center;border-bottom:2px solid #000}.invisible {display:none}</style>
</head>
<body>
<table>
<tr><th>Test</th><th># Passed</th><th># Skipped</th><th># Retried</th><th># Failed</th><th>Time (ms)</th><th>Included Groups</th><th>Excluded Groups</th></tr>
<tr><th colspan="8">All Test Suite</th></tr>
<tr><td><a href="#t0">C:/Users/Koray/IdeaProjects/TestNGProjectLastVersion1/src/test/java/Tests/US18_US19_US20</a></td><td class="num">17</td><td class="num">0</td><td class="num attn">1</td><td class="num attn">1</td><td class="num">342.897</td><td></td><td></td></tr>
</table>
<table id='summary'><thead><tr><th>Class</th><th>Method</th><th>Start</th><th>Time (ms)</th></tr></thead><tbody><tr><th colspan="4">All Test Suite</th></tr></tbody><tbody id="t0"><tr><th colspan="4">C:/Users/Koray/IdeaProjects/TestNGProjectLastVersion1/src/test/java/Tests/US18_US19_US20 &#8212; failed</th></tr><tr class="failedeven"><td rowspan="1">Tests.US18_US19_US20.US19Tests</td><td><a href="#m0">TC07</a></td><td rowspan="1">1677666333562</td><td rowspan="1">21742</td></tr><tr><th colspan="4">C:/Users/Koray/IdeaProjects/TestNGProjectLastVersion1/src/test/java/Tests/US18_US19_US20 &#8212; retried</th></tr><tr class="retriedeven"><td rowspan="1">Tests.US18_US19_US20.US19Tests</td><td><a href="#m1">TC07</a></td><td rowspan="1">1677666312543</td><td rowspan="1">21017</td></tr><tr><th colspan="4">C:/Users/Koray/IdeaProjects/TestNGProjectLastVersion1/src/test/java/Tests/US18_US19_US20 &#8212; passed</th></tr><tr class="passedeven"><td rowspan="4">Tests.US18_US19_US20.US18Tests</td><td><a href="#m2">TC01</a></td><td rowspan="1">1677666074656</td><td rowspan="1">64501</td></tr><tr class="passedeven"><td><a href="#m3">TC02</a></td><td rowspan="1">1677666139160</td><td rowspan="1">1072</td></tr><tr class="passedeven"><td><a href="#m4">TC03</a></td><td rowspan="1">1677666140232</td><td rowspan="1">40514</td></tr><tr class="passedeven"><td><a href="#m5">TC04</a></td><td rowspan="1">1677666180747</td><td rowspan="1">48207</td></tr><tr class="passedodd"><td rowspan="6">Tests.US18_US19_US20.US19Tests</td><td><a href="#m6">TC01</a></td><td rowspan="1">1677666230283</td><td rowspan="1">57809</td></tr><tr class="passedodd"><td><a href="#m7">TC02</a></td><td rowspan="1">1677666288092</td><td rowspan="1">3611</td></tr><tr class="passedodd"><td><a href="#m8">TC03</a></td><td rowspan="1">1677666291703</td><td rowspan="1">13450</td></tr><tr class="passedodd"><td><a href="#m9">TC04</a></td><td rowspan="1">1677666305153</td><td rowspan="1">81</td></tr><tr class="passedodd"><td><a href="#m10">TC05</a></td><td rowspan="1">1677666305234</td><td rowspan="1">198</td></tr><tr class="passedodd"><td><a href="#m11">TC06</a></td><td rowspan="1">1677666305433</td><td rowspan="1">7109</td></tr><tr class="passedeven"><td rowspan="7">Tests.US18_US19_US20.US20Tests</td><td><a href="#m12">TC01</a></td><td rowspan="1">1677666356532</td><td rowspan="1">54202</td></tr><tr class="passedeven"><td><a href="#m13">TC02</a></td><td rowspan="1">1677666410735</td><td rowspan="1">147</td></tr><tr class="passedeven"><td><a href="#m14">TC03</a></td><td rowspan="1">1677666410884</td><td rowspan="1">140</td></tr><tr class="passedeven"><td><a href="#m15">TC04</a></td><td rowspan="1">1677666411024</td><td rowspan="1">159</td></tr><tr class="passedeven"><td><a href="#m16">TC05</a></td><td rowspan="1">1677666411184</td><td rowspan="1">158</td></tr><tr class="passedeven"><td><a href="#m17">TC06</a></td><td rowspan="1">1677666411343</td><td rowspan="1">205</td></tr><tr class="passedeven"><td><a href="#m18">TC07</a></td><td rowspan="1">1677666411548</td><td rowspan="1">5945</td></tr></tbody>
</table>
<h2>C:/Users/Koray/IdeaProjects/TestNGProjectLastVersion1/src/test/java/Tests/US18_US19_US20</h2><h3 id="m0">Tests.US18_US19_US20.US19Tests#TC07</h3><table class="result"><tr><th>Messages</th></tr><tr><td><div class="messages">===TC07 My Account -Orders yapılan alışverişin ayrıntıları görülebilmeli===</div></td></tr><tr><th>Exception</th></tr><tr><td><div class="stacktrace">org.openqa.selenium.NoSuchElementException: no such element: Unable to locate element: {&quot;method&quot;:&quot;xpath&quot;,&quot;selector&quot;:&quot;(//a[@href=&apos;https://hubcomfy.com/my-account-2/view-order/22458/&apos;])[2]&quot;}
  (Session info: chrome=109.0.5414.120)
For documentation on this error, please visit: https://selenium.dev/exceptions/#no_such_element
Build info: version: &apos;4.7.2&apos;, revision: &apos;4d4020c3b7&apos;
System info: os.name: &apos;Windows 7&apos;, os.arch: &apos;amd64&apos;, os.version: &apos;6.1&apos;, java.version: &apos;11.0.16&apos;
Driver info: org.openqa.selenium.chrome.ChromeDriver
Command: [4c329430e72ddba6e510f6ce8b58df92, findElement {using=xpath, value=(//a[@href=&apos;https://hubcomfy.com/my-account-2/view-order/22458/&apos;])[2]}]
Capabilities {acceptInsecureCerts: false, browserName: chrome, browserVersion: 109.0.5414.120, chrome: {chromedriverVersion: 109.0.5414.74 (e7c5703604da..., userDataDir: C:\Users\Koray\AppData\Loca...}, goog:chromeOptions: {debuggerAddress: localhost:60553}, networkConnectionEnabled: false, pageLoadStrategy: normal, platformName: WINDOWS, proxy: Proxy(), se:cdp: ws://localhost:60553/devtoo..., se:cdpVersion: 109.0.5414.120, setWindowRect: true, strictFileInteractability: false, timeouts: {implicit: 0, pageLoad: 300000, script: 30000}, unhandledPromptBehavior: dismiss and notify, webauthn:extension:credBlob: true, webauthn:extension:largeBlob: true, webauthn:virtualAuthenticators: true}
Session ID: 4c329430e72ddba6e510f6ce8b58df92
	at java.base/jdk.internal.reflect.NativeConstructorAccessorImpl.newInstance0(Native Method)
	at java.base/jdk.internal.reflect.NativeConstructorAccessorImpl.newInstance(NativeConstructorAccessorImpl.java:62)
	at java.base/jdk.internal.reflect.DelegatingConstructorAccessorImpl.newInstance(DelegatingConstructorAccessorImpl.java:45)
	at java.base/java.lang.reflect.Constructor.newInstance(Constructor.java:490)
	at org.openqa.selenium.remote.codec.w3c.W3CHttpResponseCodec.createException(W3CHttpResponseCodec.java:200)
	at org.openqa.selenium.remote.codec.w3c.W3CHttpResponseCodec.decode(W3CHttpResponseCodec.java:133)
	at org.openqa.selenium.remote.codec.w3c.W3CHttpResponseCodec.decode(W3CHttpResponseCodec.java:53)
	at org.openqa.selenium.remote.HttpCommandExecutor.execute(HttpCommandExecutor.java:184)
	at org.openqa.selenium.remote.service.DriverCommandExecutor.invokeExecute(DriverCommandExecutor.java:167)
	at org.openqa.selenium.remote.service.DriverCommandExecutor.execute(DriverCommandExecutor.java:142)
	at org.openqa.selenium.remote.RemoteWebDriver.execute(RemoteWebDriver.java:535)
	at org.openqa.selenium.remote.ElementLocation$ElementFinder$2.findElement(ElementLocation.java:162)
	at org.openqa.selenium.remote.ElementLocation.findElement(ElementLocation.java:60)
	at org.openqa.selenium.remote.RemoteWebDriver.findElement(RemoteWebDriver.java:351)
	at org.openqa.selenium.remote.RemoteWebDriver.findElement(RemoteWebDriver.java:343)
	at org.openqa.selenium.support.pagefactory.DefaultElementLocator.findElement(DefaultElementLocator.java:70)
	at org.openqa.selenium.support.pagefactory.internal.LocatingElementHandler.invoke(LocatingElementHandler.java:39)
	at com.sun.proxy.$Proxy14.getWrappedElement(Unknown Source)
	at org.openqa.selenium.remote.internal.WebElementToJsonConverter.apply(WebElementToJsonConverter.java:51)
	at java.base/java.util.stream.ReferencePipeline$3$1.accept(ReferencePipeline.java:195)
	at java.base/java.util.Spliterators$ArraySpliterator.forEachRemaining(Spliterators.java:948)
	at java.base/java.util.stream.AbstractPipeline.copyInto(AbstractPipeline.java:484)
	at java.base/java.util.stream.AbstractPipeline.wrapAndCopyInto(AbstractPipeline.java:474)
	at java.base/java.util.stream.ReduceOps$ReduceOp.evaluateSequential(ReduceOps.java:913)
	at java.base/java.util.stream.AbstractPipeline.evaluate(AbstractPipeline.java:234)
	at java.base/java.util.stream.ReferencePipeline.collect(ReferencePipeline.java:578)
	at org.openqa.selenium.remote.RemoteWebDriver.executeScript(RemoteWebDriver.java:469)
	at Utilities.ReusableMethods.clickJS(ReusableMethods.java:328)
	at Tests.US18_US19_US20.US19Tests.TC07(US19Tests.java:103)
	at java.base/jdk.internal.reflect.NativeMethodAccessorImpl.invoke0(Native Method)
	at java.base/jdk.internal.reflect.NativeMethodAccessorImpl.invoke(NativeMethodAccessorImpl.java:62)
	at java.base/jdk.internal.reflect.DelegatingMethodAccessorImpl.invoke(DelegatingMethodAccessorImpl.java:43)
	at java.base/java.lang.reflect.Method.invoke(Method.java:566)
	at org.testng.internal.invokers.MethodInvocationHelper.invokeMethod(MethodInvocationHelper.java:135)
	at org.testng.internal.invokers.TestInvoker.invokeMethod(TestInvoker.java:673)
	at org.testng.internal.invokers.TestInvoker.retryFailed(TestInvoker.java:262)
	at org.testng.internal.invokers.MethodRunner.runInSequence(MethodRunner.java:62)
	at org.testng.internal.invokers.TestInvoker$MethodInvocationAgent.invoke(TestInvoker.java:945)
	at org.testng.internal.invokers.TestInvoker.invokeTestMethods(TestInvoker.java:193)
	at org.testng.internal.invokers.TestMethodWorker.invokeTestMethods(TestMethodWorker.java:146)
	at org.testng.internal.invokers.TestMethodWorker.run(TestMethodWorker.java:128)
	at java.base/java.util.ArrayList.forEach(ArrayList.java:1541)
	at org.testng.TestRunner.privateRun(TestRunner.java:808)
	at org.testng.TestRunner.run(TestRunner.java:603)
	at org.testng.SuiteRunner.runTest(SuiteRunner.java:429)
	at org.testng.SuiteRunner.runSequentially(SuiteRunner.java:423)
	at org.testng.SuiteRunner.privateRun(SuiteRunner.java:383)
	at org.testng.SuiteRunner.run(SuiteRunner.java:326)
	at org.testng.SuiteRunnerWorker.runSuite(SuiteRunnerWorker.java:52)
	at org.testng.SuiteRunnerWorker.run(SuiteRunnerWorker.java:95)
	at org.testng.TestNG.runSuitesSequentially(TestNG.java:1249)
	at org.testng.TestNG.runSuitesLocally(TestNG.java:1169)
	at org.testng.TestNG.runSuites(TestNG.java:1092)
	at org.testng.TestNG.run(TestNG.java:1060)
	at com.intellij.rt.testng.IDEARemoteTestNG.run(IDEARemoteTestNG.java:66)
	at com.intellij.rt.testng.RemoteTestNGStarter.main(RemoteTestNGStarter.java:109)
</div></td></tr></table><p class="totop"><a href="#summary">back to summary</a></p>
<h3 id="m1">Tests.US18_US19_US20.US19Tests#TC07</h3><table class="result"><tr><th>Messages</th></tr><tr><td><div class="messages">===TC07 My Account -Orders yapılan alışverişin ayrıntıları görülebilmeli===</div></td></tr><tr><th>Exception</th></tr><tr><td><div class="stacktrace">org.openqa.selenium.NoSuchElementException: no such element: Unable to locate element: {&quot;method&quot;:&quot;xpath&quot;,&quot;selector&quot;:&quot;(//a[@href=&apos;https://hubcomfy.com/my-account-2/view-order/22458/&apos;])[2]&quot;}
  (Session info: chrome=109.0.5414.120)
For documentation on this error, please visit: https://selenium.dev/exceptions/#no_such_element
Build info: version: &apos;4.7.2&apos;, revision: &apos;4d4020c3b7&apos;
System info: os.name: &apos;Windows 7&apos;, os.arch: &apos;amd64&apos;, os.version: &apos;6.1&apos;, java.version: &apos;11.0.16&apos;
Driver info: org.openqa.selenium.chrome.ChromeDriver
Command: [4c329430e72ddba6e510f6ce8b58df92, findElement {using=xpath, value=(//a[@href=&apos;https://hubcomfy.com/my-account-2/view-order/22458/&apos;])[2]}]
Capabilities {acceptInsecureCerts: false, browserName: chrome, browserVersion: 109.0.5414.120, chrome: {chromedriverVersion: 109.0.5414.74 (e7c5703604da..., userDataDir: C:\Users\Koray\AppData\Loca...}, goog:chromeOptions: {debuggerAddress: localhost:60553}, networkConnectionEnabled: false, pageLoadStrategy: normal, platformName: WINDOWS, proxy: Proxy(), se:cdp: ws://localhost:60553/devtoo..., se:cdpVersion: 109.0.5414.120, setWindowRect: true, strictFileInteractability: false, timeouts: {implicit: 0, pageLoad: 300000, script: 30000}, unhandledPromptBehavior: dismiss and notify, webauthn:extension:credBlob: true, webauthn:extension:largeBlob: true, webauthn:virtualAuthenticators: true}
Session ID: 4c329430e72ddba6e510f6ce8b58df92
	at java.base/jdk.internal.reflect.NativeConstructorAccessorImpl.newInstance0(Native Method)
	at java.base/jdk.internal.reflect.NativeConstructorAccessorImpl.newInstance(NativeConstructorAccessorImpl.java:62)
	at java.base/jdk.internal.reflect.DelegatingConstructorAccessorImpl.newInstance(DelegatingConstructorAccessorImpl.java:45)
	at java.base/java.lang.reflect.Constructor.newInstance(Constructor.java:490)
	at org.openqa.selenium.remote.codec.w3c.W3CHttpResponseCodec.createException(W3CHttpResponseCodec.java:200)
	at org.openqa.selenium.remote.codec.w3c.W3CHttpResponseCodec.decode(W3CHttpResponseCodec.java:133)
	at org.openqa.selenium.remote.codec.w3c.W3CHttpResponseCodec.decode(W3CHttpResponseCodec.java:53)
	at org.openqa.selenium.remote.HttpCommandExecutor.execute(HttpCommandExecutor.java:184)
	at org.openqa.selenium.remote.service.DriverCommandExecutor.invokeExecute(DriverCommandExecutor.java:167)
	at org.openqa.selenium.remote.service.DriverCommandExecutor.execute(DriverCommandExecutor.java:142)
	at org.openqa.selenium.remote.RemoteWebDriver.execute(RemoteWebDriver.java:535)
	at org.openqa.selenium.remote.ElementLocation$ElementFinder$2.findElement(ElementLocation.java:162)
	at org.openqa.selenium.remote.ElementLocation.findElement(ElementLocation.java:60)
	at org.openqa.selenium.remote.RemoteWebDriver.findElement(RemoteWebDriver.java:351)
	at org.openqa.selenium.remote.RemoteWebDriver.findElement(RemoteWebDriver.java:343)
	at org.openqa.selenium.support.pagefactory.DefaultElementLocator.findElement(DefaultElementLocator.java:70)
	at org.openqa.selenium.support.pagefactory.internal.LocatingElementHandler.invoke(LocatingElementHandler.java:39)
	at com.sun.proxy.$Proxy14.getWrappedElement(Unknown Source)
	at org.openqa.selenium.remote.internal.WebElementToJsonConverter.apply(WebElementToJsonConverter.java:51)
	at java.base/java.util.stream.ReferencePipeline$3$1.accept(ReferencePipeline.java:195)
	at java.base/java.util.Spliterators$ArraySpliterator.forEachRemaining(Spliterators.java:948)
	at java.base/java.util.stream.AbstractPipeline.copyInto(AbstractPipeline.java:484)
	at java.base/java.util.stream.AbstractPipeline.wrapAndCopyInto(AbstractPipeline.java:474)
	at java.base/java.util.stream.ReduceOps$ReduceOp.evaluateSequential(ReduceOps.java:913)
	at java.base/java.util.stream.AbstractPipeline.evaluate(AbstractPipeline.java:234)
	at java.base/java.util.stream.ReferencePipeline.collect(ReferencePipeline.java:578)
	at org.openqa.selenium.remote.RemoteWebDriver.executeScript(RemoteWebDriver.java:469)
	at Utilities.ReusableMethods.clickJS(ReusableMethods.java:328)
	at Tests.US18_US19_US20.US19Tests.TC07(US19Tests.java:103)
	at java.base/jdk.internal.reflect.NativeMethodAccessorImpl.invoke0(Native Method)
	at java.base/jdk.internal.reflect.NativeMethodAccessorImpl.invoke(NativeMethodAccessorImpl.java:62)
	at java.base/jdk.internal.reflect.DelegatingMethodAccessorImpl.invoke(DelegatingMethodAccessorImpl.java:43)
	at java.base/java.lang.reflect.Method.invoke(Method.java:566)
	at org.testng.internal.invokers.MethodInvocationHelper.invokeMethod(MethodInvocationHelper.java:135)
	at org.testng.internal.invokers.TestInvoker.invokeMethod(TestInvoker.java:673)
	at org.testng.internal.invokers.TestInvoker.invokeTestMethod(TestInvoker.java:220)
	at org.testng.internal.invokers.MethodRunner.runInSequence(MethodRunner.java:50)
	at org.testng.internal.invokers.TestInvoker$MethodInvocationAgent.invoke(TestInvoker.java:945)
	at org.testng.internal.invokers.TestInvoker.invokeTestMethods(TestInvoker.java:193)
	at org.testng.internal.invokers.TestMethodWorker.invokeTestMethods(TestMethodWorker.java:146)
	at org.testng.internal.invokers.TestMethodWorker.run(TestMethodWorker.java:128)
	at java.base/java.util.ArrayList.forEach(ArrayList.java:1541)
	at org.testng.TestRunner.privateRun(TestRunner.java:808)
	at org.testng.TestRunner.run(TestRunner.java:603)
	at org.testng.SuiteRunner.runTest(SuiteRunner.java:429)
	at org.testng.SuiteRunner.runSequentially(SuiteRunner.java:423)
	at org.testng.SuiteRunner.privateRun(SuiteRunner.java:383)
	at org.testng.SuiteRunner.run(SuiteRunner.java:326)
	at org.testng.SuiteRunnerWorker.runSuite(SuiteRunnerWorker.java:52)
	at org.testng.SuiteRunnerWorker.run(SuiteRunnerWorker.java:95)
	at org.testng.TestNG.runSuitesSequentially(TestNG.java:1249)
	at org.testng.TestNG.runSuitesLocally(TestNG.java:1169)
	at org.testng.TestNG.runSuites(TestNG.java:1092)
	at org.testng.TestNG.run(TestNG.java:1060)
	at com.intellij.rt.testng.IDEARemoteTestNG.run(IDEARemoteTestNG.java:66)
	at com.intellij.rt.testng.RemoteTestNGStarter.main(RemoteTestNGStarter.java:109)
</div></td></tr></table><p class="totop"><a href="#summary">back to summary</a></p>
<h3 id="m2">Tests.US18_US19_US20.US18Tests#TC01</h3><table class="result"><tr><th>Messages</th></tr><tr><td><div class="messages">==================================US18==============================<br/>===========TC01 External - Affiliate Product seçilebilmeli===========<br/>VENDOR OLARAK GIRIS YAPILDI<br/>ADD NEW PRODUCT SAYFASI ACILDI<br/>EXTERNAL/AFFILIATE PRODUCT SECILDI</div></td></tr></table><p class="totop"><a href="#summary">back to summary</a></p>
<h3 id="m3">Tests.US18_US19_US20.US18Tests#TC02</h3><table class="result"><tr><th>Messages</th></tr><tr><td><div class="messages">===========TC02 URL, Button Text, Price, Sale Price yazılabilmeli===========<br/>URL KUTUSUNA DEGER GIRILDI<br/>BUTTON TEXT KUTUSUNUA DEGER GIRILDI<br/>PRICE KUTUSUNA DEGER GIRILDI<br/>SALE PRICE KUTUSUNA DEGER GIRILDI</div></td></tr></table><p class="totop"><a href="#summary">back to summary</a></p>
<h3 id="m4">Tests.US18_US19_US20.US18Tests#TC03</h3><table class="result"><tr><th>Messages</th></tr><tr><td><div class="messages">===========TC03 US14  deki işlemler yapılabilmeli==========<br/>XXXFAILED FEATURED IMAGE KISMINA PHOTO YUKLENEMEDI XXX<br/>PRODUCT TITLE EKLENDI<br/>SHORT DESCRIPTION KUTUSUNA DEGER GIRILDI<br/>DESCRIPTION KUTUSUNA DEGER GIRILDI<br/>CATEGORIES KUTUSUNDA SECIM YAPILDI <br/>ADD NEW CATEGORY E YENI CATEGORY EKLENDI<br/>BRAND NAME KUTUSNUDA SECIM YAPILDI<br/>ADD NEW BRAND E YENI BRAND EKLENDI<br/>TAGS KUTUSUNA TAGLAR GIRILDI<br/>CATALOG VISIBILITY DEN SHOP ONLY SECENEGI SECILDI</div></td></tr></table><p class="totop"><a href="#summary">back to summary</a></p>
<h3 id="m5">Tests.US18_US19_US20.US18Tests#TC04</h3><table class="result"><tr><th>Messages</th></tr><tr><td><div class="messages">===========TC04 US15  deki işlemler yapılabilmeli==========<br/>ADD PRODUCT SAYFASINDA (Inventory, Shipping, Attributes, Linked, Seo, Toptan Ürün Gösterme Ayarları, Advanced)MENULERI GORULUYOR<br/>xxxxFAILED INVENTORY DE YERALAN BACKORDERS, SOLD IND VE STOCK QTY  GOZUKMUYORxxxx<br/>INVENTORY GIRISLERI YAPILDI<br/>xxxxFAILED SHIPPING BOLUMU GOZUKMUYORxxxx<br/>ATTRIBUTES GIRISLERI YAPILDI<br/>lINKED GIRISLERI YAPILDI<br/>SEO GIRISLERI YAPILDI<br/>TOPTAN URUN GOSTERME AYARLARI GIRILDI<br/>XXXFAILXXXX PURCHASE NOTE KISMI GOZUKMUYOR<br/>ADVANCED DEGERLERI GIRILDI</div></td></tr></table><p class="totop"><a href="#summary">back to summary</a></p>
<h3 id="m6">Tests.US18_US19_US20.US19Tests#TC01</h3><table class="result"><tr><th>Messages</th></tr><tr><td><div class="messages">==================================US19==============================<br/>===========TC01 Ürün ve ürünler seçilip sepete eklenebilmeli===========<br/>VENDOR OLARAK GIRIS YAPILDI<br/>SECILEN URUN SEPETE EKLENDI</div></td></tr></table><p class="totop"><a href="#summary">back to summary</a></p>
<h3 id="m7">Tests.US18_US19_US20.US19Tests#TC02</h3><table class="result"><tr><th>Messages</th></tr><tr><td><div class="messages">===========TC02 Chart - Chekout yapılarak alınacak ürün ve ürünler görülebilmel===========<br/>ALINACAK URUNLER GORUNTULENDI</div></td></tr></table><p class="totop"><a href="#summary">back to summary</a></p>
<h3 id="m8">Tests.US18_US19_US20.US19Tests#TC03</h3><table class="result"><tr><th>Messages</th></tr><tr><td><div class="messages">===========TC03 Fatura ayrıntıları (BILLING DETAILS) doldurulabilmeli===========<br/>FATURA AYRINTILARI (BILLING DETAILS) DOLDURULDU</div></td></tr></table><p class="totop"><a href="#summary">back to summary</a></p>
<h3 id="m9">Tests.US18_US19_US20.US19Tests#TC04</h3><table class="result"><tr><th>Messages</th></tr><tr><td><div class="messages">===========TC04 Toplam ödenecek rakam görüntülebilmeli===========<br/>TOPLAM ODENECEK RAKAM GORUNTULENDI</div></td></tr></table><p class="totop"><a href="#summary">back to summary</a></p>
<h3 id="m10">Tests.US18_US19_US20.US19Tests#TC05</h3><table class="result"><tr><th>Messages</th></tr><tr><td><div class="messages">===TC05 Wire transfer/EFT veya Pay at the door seçenekleri seçilebilmeli===<br/>WIRE TRANSFER VE PAY AT DOOR SECENEKLERI SECILDI</div></td></tr></table><p class="totop"><a href="#summary">back to summary</a></p>
<h3 id="m11">Tests.US18_US19_US20.US19Tests#TC06</h3><table class="result"><tr><th>Messages</th></tr><tr><td><div class="messages">===TC06 Place Order'a tıklanarak alışverişin tamamlandığı görülebilmeli===<br/>PLACE ORDER A BASILDI VE SIPARISIN ALINDIGI ONAYLANDI</div></td></tr></table><p class="totop"><a href="#summary">back to summary</a></p>
<h3 id="m12">Tests.US18_US19_US20.US20Tests#TC01</h3><table class="result"><tr><th>Messages</th></tr><tr><td><div class="messages">==================================US20==============================<br/>===========TC01 Code yazabilmeliyim===========<br/>VENDOR OLARAK GIRIS YAPILDI<br/>ADD NEW COUPON SAYFASINA GELINDI<br/>CODE YAZILDIGI DOGRULANDI</div></td></tr></table><p class="totop"><a href="#summary">back to summary</a></p>
<h3 id="m13">Tests.US18_US19_US20.US20Tests#TC02</h3><table class="result"><tr><th>Messages</th></tr><tr><td><div class="messages">===========TC02 Description yazılabilmeli===========<br/>DESCRIPTION YAZILDIGI DOGRULANDI</div></td></tr></table><p class="totop"><a href="#summary">back to summary</a></p>
<h3 id="m14">Tests.US18_US19_US20.US20Tests#TC03</h3><table class="result"><tr><th>Messages</th></tr><tr><td><div class="messages">===========TC03 Discount Type; Percentage discount veya Fixed Product Discount olarak seçilebilmeli===========<br/>COUPON TYPE SECILDIGI DOGRULANDI</div></td></tr></table><p class="totop"><a href="#summary">back to summary</a></p>
<h3 id="m15">Tests.US18_US19_US20.US20Tests#TC04</h3><table class="result"><tr><th>Messages</th></tr><tr><td><div class="messages">===========TC04 Coupon Amount yazılabilmeli===========<br/>COUPON AMOUNT GIRILDIGI DOGRULANDI</div></td></tr></table><p class="totop"><a href="#summary">back to summary</a></p>
<h3 id="m16">Tests.US18_US19_US20.US20Tests#TC05</h3><table class="result"><tr><th>Messages</th></tr><tr><td><div class="messages">===========TC05 Coupon expiry date girilebilmeli===========<br/>EXPIRY DATE GIRILDIGI DOGRULANDI</div></td></tr></table><p class="totop"><a href="#summary">back to summary</a></p>
<h3 id="m17">Tests.US18_US19_US20.US20Tests#TC06</h3><table class="result"><tr><th>Messages</th></tr><tr><td><div class="messages">===========TC06 Allow free shipping, Show on store seçilebilmeli===========<br/>ALLOW FREE SHIPPING SECILDIGI DOGRULANDI<br/>SHOW ON STORE SECILDIGI DOGRULANDI</div></td></tr></table><p class="totop"><a href="#summary">back to summary</a></p>
<h3 id="m18">Tests.US18_US19_US20.US20Tests#TC07</h3><table class="result"><tr><th>Messages</th></tr><tr><td><div class="messages">===========TC07 Coupons oluşturulduğu görülmeli===========</div></td></tr></table><p class="totop"><a href="#summary">back to summary</a></p>
</body>
</html>
